modules/expo-countdown-notification/android/build/intermediates/manifest_merge_blame_file/debug/processDebugManifest/manifest-merger-blame-debug-report.txt
1<?xml version="1.0" encoding="utf-8"?>
2<manifest xmlns:android="http://schemas.android.com/apk/res/android"
3    package="expo.modules.countdownnotification" >
4
5    <uses-sdk android:minSdkVersion="24" />
6
7    <uses-permission android:name="android.permission.FOREGROUND_SERVICE" />
7-->src\main\AndroidManifest.xml:2:3-75
7-->src\main\AndroidManifest.xml:2:20-72
8    <uses-permission android:name="android.permission.FOREGROUND_SERVICE_SPECIAL_USE" />
8-->src\main\AndroidManifest.xml:3:3-87
8-->src\main\AndroidManifest.xml:3:20-84
9    <uses-permission android:name="android.permission.POST_NOTIFICATIONS" />
9-->src\main\AndroidManifest.xml:4:3-75
9-->src\main\AndroidManifest.xml:4:20-72
10
11    <application>
11-->src\main\AndroidManifest.xml:6:3-11:17
12        <service
12-->src\main\AndroidManifest.xml:7:5-10:52
13            android:name="expo.modules.countdownnotification.CountdownService"
13-->src\main\AndroidManifest.xml:8:7-73
14            android:exported="false"
14-->src\main\AndroidManifest.xml:9:7-31
15            android:foregroundServiceType="specialUse" />
15-->src\main\AndroidManifest.xml:10:7-49
16    </application>
17
18</manifest>